This is pdfTeX, Version 3.14159265-2.6-1.40.15 (MiKTeX 2.9) (preloaded format=pdflatex 2015.3.24)  20 APR 2015 10:40
entering extended mode
**Performance.tex
(Performance.tex
LaTeX2e <2014/05/01>
Babel <3.9l> and hyphenation patterns for 68 languages loaded.
("C:\Program Files (x86)\MiKTeX 2.9\tex\latex\base\report.cls"
Document Class: report 2014/09/29 v1.4h Standard LaTeX document class
("C:\Program Files (x86)\MiKTeX 2.9\tex\latex\base\size10.clo"
File: size10.clo 2014/09/29 v1.4h Standard LaTeX file (size option)
)
\c@part=\count79
\c@chapter=\count80
\c@section=\count81
\c@subsection=\count82
\c@subsubsection=\count83
\c@paragraph=\count84
\c@subparagraph=\count85
\c@figure=\count86
\c@table=\count87
\abovecaptionskip=\skip41
\belowcaptionskip=\skip42
\bibindent=\dimen102
) (fancyhdr.sty
\headwidth=\dimen103
) ("C:\Program Files (x86)\MiKTeX 2.9\tex\latex\graphics\graphicx.sty"
Package: graphicx 2014/10/28 v1.0g Enhanced LaTeX Graphics (DPC,SPQR)

("C:\Program Files (x86)\MiKTeX 2.9\tex\latex\graphics\keyval.sty"
Package: keyval 2014/10/28 v1.15 key=value parser (DPC)
\KV@toks@=\toks14
)
("C:\Program Files (x86)\MiKTeX 2.9\tex\latex\graphics\graphics.sty"
Package: graphics 2014/10/28 v1.0p Standard LaTeX Graphics (DPC,SPQR)

("C:\Program Files (x86)\MiKTeX 2.9\tex\latex\graphics\trig.sty"
Package: trig 1999/03/16 v1.09 sin cos tan (DPC)
)
("C:\Program Files (x86)\MiKTeX 2.9\tex\latex\00miktex\graphics.cfg"
File: graphics.cfg 2007/01/18 v1.5 graphics configuration of teTeX/TeXLive
)
Package graphics Info: Driver file: pdftex.def on input line 91.

("C:\Program Files (x86)\MiKTeX 2.9\tex\latex\pdftex-def\pdftex.def"
File: pdftex.def 2011/05/27 v0.06d Graphics/color for pdfTeX

("C:\Program Files (x86)\MiKTeX 2.9\tex\generic\oberdiek\infwarerr.sty"
Package: infwarerr 2010/04/08 v1.3 Providing info/warning/error messages (HO)
)
("C:\Program Files (x86)\MiKTeX 2.9\tex\generic\oberdiek\ltxcmds.sty"
Package: ltxcmds 2011/11/09 v1.22 LaTeX kernel commands for general use (HO)
)
\Gread@gobject=\count88
))
\Gin@req@height=\dimen104
\Gin@req@width=\dimen105
)
("C:\Program Files (x86)\MiKTeX 2.9\tex\latex\base\multirow.sty"
\bigstrutjot=\dimen106
)
(Performance.aux (ch_execsummary.aux) (ch_introduction.aux) (ch_plan.aux)
(ch_functional_testing.aux) (ch_loadtesting.aux) (ch_stresstesting.aux

LaTeX Warning: Label `fig:5.3' multiply defined.

) (ch_optimise.aux) (ch_modelling.aux) (app_adaptivecellsj.aux)
(app_bean_configs.aux) (app_structure_JEE_app.aux))
LaTeX Font Info:    Checking defaults for OML/cmm/m/it on input line 8.
LaTeX Font Info:    ... okay on input line 8.
LaTeX Font Info:    Checking defaults for T1/cmr/m/n on input line 8.
LaTeX Font Info:    ... okay on input line 8.
LaTeX Font Info:    Checking defaults for OT1/cmr/m/n on input line 8.
LaTeX Font Info:    ... okay on input line 8.
LaTeX Font Info:    Checking defaults for OMS/cmsy/m/n on input line 8.
LaTeX Font Info:    ... okay on input line 8.
LaTeX Font Info:    Checking defaults for OMX/cmex/m/n on input line 8.
LaTeX Font Info:    ... okay on input line 8.
LaTeX Font Info:    Checking defaults for U/cmr/m/n on input line 8.
LaTeX Font Info:    ... okay on input line 8.

("C:\Program Files (x86)\MiKTeX 2.9\tex\context\base\supp-pdf.mkii"
[Loading MPS to PDF converter (version 2006.09.02).]
\scratchcounter=\count89
\scratchdimen=\dimen107
\scratchbox=\box26
\nofMPsegments=\count90
\nofMParguments=\count91
\everyMPshowfont=\toks15
\MPscratchCnt=\count92
\MPscratchDim=\dimen108
\MPnumerator=\count93
\makeMPintoPDFobject=\count94
\everyMPtoPDFconversion=\toks16
)
LaTeX Font Info:    External font `cmex10' loaded for size
(Font)              <12> on input line 11.
LaTeX Font Info:    External font `cmex10' loaded for size
(Font)              <8> on input line 11.
LaTeX Font Info:    External font `cmex10' loaded for size
(Font)              <6> on input line 11.
 [1

{C:/ProgramData/MiKTeX/2.9/pdftex/config/pdftex.map}] [1]
(ch_execsummary.tex) [1


] (Performance.toc
LaTeX Font Info:    External font `cmex10' loaded for size
(Font)              <7> on input line 2.
LaTeX Font Info:    External font `cmex10' loaded for size
(Font)              <5> on input line 2.
 [2


])
\tf@toc=\write3
 [3] (ch_introduction.tex
Chapter 1.
[4


]
LaTeX Font Info:    Try loading font information for OMS+cmr on input line 46.
 ("C:\Program Files (x86)\MiKTeX 2.9\tex\latex\base\omscmr.fd"
File: omscmr.fd 2014/09/29 v2.5h Standard LaTeX font definitions
)
LaTeX Font Info:    Font shape `OMS/cmr/m/n' in size <10> not available
(Font)              Font shape `OMS/cmsy/m/n' tried instead on input line 46.


LaTeX Warning: Citation `Speeds' on page 5 undefined on input line 68.

[5] <Graphics/PTE.png, id=34, 261.97874pt x 272.01625pt>
File: Graphics/PTE.png Graphic file (type png)

<use Graphics/PTE.png>
Package pdftex.def Info: Graphics/PTE.png used on input line 77.
(pdftex.def)             Requested size: 261.9781pt x 272.01558pt.
 [6 <./Graphics/PTE.png>]

Package pdftex.def Warning: Option `bb' does not make sense,
(pdftex.def)                using `viewport' instead on input line 97.

<Graphics/bean_diagram.png, id=38, 525.965pt x 206.371pt>
File: Graphics/bean_diagram.png Graphic file (type png)

<use Graphics/bean_diagram.png>
Package pdftex.def Info: Graphics/bean_diagram.png used on input line 97.
(pdftex.def)             Requested size: 525.965pt x 206.77249pt.
) [7 <./Graphics/bean_diagram.png>] (ch_plan.tex
Chapter 2.
[8



]) [9] (ch_functional_testing.tex
Chapter 3.

Overfull \hbox (3.8617pt too wide) in paragraph at lines 17--18
\OT1/cmr/m/n/10 stru-men-ta-tion of spec-i-fied classes (in our case those in p
ack-age org.adaptivecellsj).
 []

[10



] [11] <Graphics/config3.png, id=57, 803.50188pt x 421.07312pt>
File: Graphics/config3.png Graphic file (type png)

<use Graphics/config3.png>
Package pdftex.def Info: Graphics/config3.png used on input line 63.
(pdftex.def)             Requested size: 803.49992pt x 421.0721pt.

Overfull \hbox (16.57251pt too wide) in paragraph at lines 63--65
 [][] 
 []

<Graphics/config2.png, id=58, 441.65pt x 339.76938pt>
File: Graphics/config2.png Graphic file (type png)

<use Graphics/config2.png>
Package pdftex.def Info: Graphics/config2.png used on input line 73.
(pdftex.def)             Requested size: 441.64891pt x 339.76854pt.
 [12 <./Graphics/config3.png> <./Graphics/config2.png>] <Graphics/config2_2.png
, id=64, 802.49812pt x 423.08063pt>
File: Graphics/config2_2.png Graphic file (type png)

<use Graphics/config2_2.png>
Package pdftex.def Info: Graphics/config2_2.png used on input line 100.
(pdftex.def)             Requested size: 802.49615pt x 423.07959pt.

Overfull \hbox (16.12082pt too wide) in paragraph at lines 100--102
 [][] 
 []

) [13 <./Graphics/config2_2.png>] (ch_loadtesting.tex
Chapter 4.
[14



] <Graphics/Throughput2.png, id=72, 484.81125pt x 288.07625pt>
File: Graphics/Throughput2.png Graphic file (type png)

<use Graphics/Throughput2.png>
Package pdftex.def Info: Graphics/Throughput2.png used on input line 57.
(pdftex.def)             Requested size: 484.81006pt x 288.07553pt.

<Graphics/ResponseTimes2.png, id=73, 484.81125pt x 292.09125pt>
File: Graphics/ResponseTimes2.png Graphic file (type png)

<use Graphics/ResponseTimes2.png>
Package pdftex.def Info: Graphics/ResponseTimes2.png used on input line 69.
(pdftex.def)             Requested size: 484.81006pt x 292.09052pt.


LaTeX Warning: `h' float specifier changed to `ht'.

[15 <./Graphics/Throughput2.png>]
<Graphics/PercentWithinSLA.png, id=78, 484.81125pt x 292.09125pt>
File: Graphics/PercentWithinSLA.png Graphic file (type png)

<use Graphics/PercentWithinSLA.png>
Package pdftex.def Info: Graphics/PercentWithinSLA.png used on input line 82.
(pdftex.def)             Requested size: 484.81006pt x 292.09052pt.
 [16 <./Graphics/ResponseTimes2.png> <./Graphics/PercentWithinSLA.png>]) [17] (
ch_stresstesting.tex
Chapter 5.
[18



] <Graphics/StressThroughput.png, id=91, 578.16pt x 292.09125pt>
File: Graphics/StressThroughput.png Graphic file (type png)

<use Graphics/StressThroughput.png>
Package pdftex.def Info: Graphics/StressThroughput.png used on input line 59.
(pdftex.def)             Requested size: 578.15858pt x 292.09052pt.

Overfull \hbox (30.79955pt too wide) in paragraph at lines 59--60
 [][] 
 []

File: Graphics/ResponseTimes2.png Graphic file (type png)
<use Graphics/ResponseTimes2.png>
Package pdftex.def Info: Graphics/ResponseTimes2.png used on input line 72.
(pdftex.def)             Requested size: 484.81006pt x 292.09052pt.


LaTeX Warning: `h' float specifier changed to `ht'.

[19 <./Graphics/StressThroughput.png>]
<Graphics/Recovery.png, id=95, 484.81125pt x 292.09125pt>
File: Graphics/Recovery.png Graphic file (type png)

<use Graphics/Recovery.png>
Package pdftex.def Info: Graphics/Recovery.png used on input line 84.
(pdftex.def)             Requested size: 484.81006pt x 292.09052pt.
 [20 <./Graphics/Recovery.png>]
<Graphics/PercentageErrors.png, id=99, 484.81125pt x 292.09125pt>
File: Graphics/PercentageErrors.png Graphic file (type png)

<use Graphics/PercentageErrors.png>
Package pdftex.def Info: Graphics/PercentageErrors.png used on input line 97.
(pdftex.def)             Requested size: 484.81006pt x 292.09052pt.
) [21 <./Graphics/PercentageErrors.png>]
(ch_optimise.tex
Chapter 6.
[22



]
Overfull \hbox (7.74852pt too wide) in paragraph at lines 46--47
[]\OT1/cmr/m/n/10 We used JBOSS 4.0.4 (with JBOSS pro-filer in-stalled), with J
ava 1.5.0 HotSpot.
 []


Overfull \hbox (69.5375pt too wide) in paragraph at lines 50--59
 [][] 
 []


LaTeX Warning: Citation `performance_solutions' on page 23 undefined on input l
ine 68.


LaTeX Warning: Citation `model_server_settings_jee' on page 23 undefined on inp
ut line 68.

[23]
Underfull \hbox (badness 10000) in paragraph at lines 77--79

 []

<Graphics/optimise_gen_response_tp.png, id=110, 636.3775pt x 451.6875pt>
File: Graphics/optimise_gen_response_tp.png Graphic file (type png)

<use Graphics/optimise_gen_response_tp.png>
Package pdftex.def Info: Graphics/optimise_gen_response_tp.png used on input li
ne 82.
(pdftex.def)             Requested size: 636.37595pt x 451.68639pt.

<Graphics/optimise_gen_response_rt.png, id=111, 638.385pt x 450.68375pt>
File: Graphics/optimise_gen_response_rt.png Graphic file (type png)

<use Graphics/optimise_gen_response_rt.png>
Package pdftex.def Info: Graphics/optimise_gen_response_rt.png used on input li
ne 89.
(pdftex.def)             Requested size: 638.38342pt x 450.68263pt.
 [24 <./Graphics/optimise_gen_response_tp.png>]

LaTeX Warning: Citation `model_server_settings_jee' on page 25 undefined on inp
ut line 100.


LaTeX Warning: Citation `master_the_boss' on page 25 undefined on input line 10
0.

[25 <./Graphics/optimise_gen_response_rt.png (PNG copy)>]
<Graphics/wc_throughput_thread_pool_tp.png, id=118, 636.3775pt x 447.6725pt>
File: Graphics/wc_throughput_thread_pool_tp.png Graphic file (type png)

<use Graphics/wc_throughput_thread_pool_tp.png>
Package pdftex.def Info: Graphics/wc_throughput_thread_pool_tp.png used on inpu
t line 108.
(pdftex.def)             Requested size: 636.37595pt x 447.6714pt.

<Graphics/wc_response_thread_pool_tp1.png, id=119, 639.38875pt x 450.68375pt>
File: Graphics/wc_response_thread_pool_tp1.png Graphic file (type png)

<use Graphics/wc_response_thread_pool_tp1.png>
Package pdftex.def Info: Graphics/wc_response_thread_pool_tp1.png used on input
 line 115.
(pdftex.def)             Requested size: 639.38718pt x 450.68263pt.


LaTeX Warning: Citation `model_server_settings_jee' on page 26 undefined on inp
ut line 120.


LaTeX Warning: Citation `performance_solutions' on page 26 undefined on input l
ine 120.


LaTeX Warning: Citation `model_server_settings_jee' on page 26 undefined on inp
ut line 120.


LaTeX Warning: Citation `model_server_settings_jee' on page 26 undefined on inp
ut line 120.

[26 <./Graphics/wc_throughput_thread_pool_tp.png>]

LaTeX Warning: Citation `master_the_boss' on page 27 undefined on input line 12
8.

[27 <./Graphics/wc_response_thread_pool_tp1.png (PNG copy)>] [28]) [29]
(ch_modelling.tex
Chapter 7.
[30



]) [31] (app_adaptivecellsj.tex
Appendix A.
[32



]) [33] (app_bean_configs.tex
Appendix B.
) [34



] (app_structure_JEE_app.tex
Appendix C.
) [35



]
No file Performance.bbl.
(Performance.aux (ch_execsummary.aux) (ch_introduction.aux) (ch_plan.aux)
(ch_functional_testing.aux) (ch_loadtesting.aux) (ch_stresstesting.aux)
(ch_optimise.aux) (ch_modelling.aux) (app_adaptivecellsj.aux)
(app_bean_configs.aux) (app_structure_JEE_app.aux))

LaTeX Warning: There were undefined references.


LaTeX Warning: There were multiply-defined labels.

 ) 
Here is how much of TeX's memory you used:
 1461 strings out of 493698
 20535 string characters out of 3141991
 86762 words of memory out of 3000000
 4722 multiletter control sequences out of 15000+200000
 9460 words of font info for 33 fonts, out of 3000000 for 9000
 1025 hyphenation exceptions out of 8191
 27i,11n,40p,1634b,284s stack positions out of 5000i,500n,10000p,200000b,50000s
<C:/Program Files (x86)/MiKTeX 2.9/fonts/type1/public/amsfonts/cm/cmbx10.pfb>
<C:/Program Files (x86)/MiKTeX 2.9/fonts/type1/public/amsfonts/cm/cmbx12.pfb><C
:/Program Files (x86)/MiKTeX 2.9/fonts/type1/public/amsfonts/cm/cmmi10.pfb><C:/
Program Files (x86)/MiKTeX 2.9/fonts/type1/public/amsfonts/cm/cmmi7.pfb><C:/Pro
gram Files (x86)/MiKTeX 2.9/fonts/type1/public/amsfonts/cm/cmr10.pfb><C:/Progra
m Files (x86)/MiKTeX 2.9/fonts/type1/public/amsfonts/cm/cmr12.pfb><C:/Program F
iles (x86)/MiKTeX 2.9/fonts/type1/public/amsfonts/cm/cmr17.pfb><C:/Program File
s (x86)/MiKTeX 2.9/fonts/type1/public/amsfonts/cm/cmr6.pfb><C:/Program Files (x
86)/MiKTeX 2.9/fonts/type1/public/amsfonts/cm/cmr7.pfb><C:/Program Files (x86)/
MiKTeX 2.9/fonts/type1/public/amsfonts/cm/cmr8.pfb><C:/Program Files (x86)/MiKT
eX 2.9/fonts/type1/public/amsfonts/cm/cmsl10.pfb><C:/Program Files (x86)/MiKTeX
 2.9/fonts/type1/public/amsfonts/cm/cmsy10.pfb>
Output written on Performance.pdf (37 pages, 922845 bytes).
PDF statistics:
 194 PDF objects out of 1000 (max. 8388607)
 0 named destinations out of 1000 (max. 500000)
 76 words of extra memory for PDF output out of 10000 (max. 10000000)

